Arguments: 
  /usr/local/Cellar/node/9.6.1/bin/node /usr/local/Cellar/yarn/1.5.1/libexec/bin/yarn.js start

PATH: 
  /Users/gauthierbourdenx/.composer/vendor/bin:/usr/local/sbin:/usr/local/sbin:/Applications/MAMP/bin/php/php5.6/bin:/usr/bin:/bin:/usr/sbin:/sbin:/usr/local/bin:/Users/gauthierbourdenx/.composer/vendor/bin:/usr/local/sbin:/Applications/MAMP/bin/php/php5.6/bin

Yarn version: 
  1.5.1

Node version: 
  9.6.1

Platform: 
  darwin x64

npm manifest: 
  {
    "dependencies": {
      "jwt-decode": "^2.2.0"
    }
  }

yarn manifest: 
  No manifest

Lockfile: 
  # THIS IS AN AUTOGENERATED FILE. DO NOT EDIT THIS FILE DIRECTLY.
  # yarn lockfile v1
  
  
  jwt-decode@^2.2.0:
    version "2.2.0"
    resolved "https://registry.yarnpkg.com/jwt-decode/-/jwt-decode-2.2.0.tgz#7d86bd56679f58ce6a84704a657dd392bba81a79"

Trace: 
  Error: Command "start" not found.
      at new MessageError (/usr/local/Cellar/yarn/1.5.1/libexec/lib/cli.js:186:110)
      at /usr/local/Cellar/yarn/1.5.1/libexec/lib/cli.js:87307:17
      at Generator.next (<anonymous>)
      at step (/usr/local/Cellar/yarn/1.5.1/libexec/lib/cli.js:98:30)
      at /usr/local/Cellar/yarn/1.5.1/libexec/lib/cli.js:116:14
      at new Promise (<anonymous>)
      at new F (/usr/local/Cellar/yarn/1.5.1/libexec/lib/cli.js:23451:28)
      at /usr/local/Cellar/yarn/1.5.1/libexec/lib/cli.js:95:12
      at runCommand (/usr/local/Cellar/yarn/1.5.1/libexec/lib/cli.js:87312:22)
      at Object.<anonymous> (/usr/local/Cellar/yarn/1.5.1/libexec/lib/cli.js:87412:14)
